<?xml version="1.0" encoding="UTF-8"?>
<testsuite name="com.hanyoonsoo.springtoy.AuthIntegrationTest" tests="1" skipped="0" failures="0" errors="0" timestamp="2024-02-11T14:20:00" hostname="han-yunsuui-MacBookPro.local" time="0.768">
  <properties/>
  <testcase name="로그아웃" classname="com.hanyoonsoo.springtoy.AuthIntegrationTest" time="0.768"/>
  <system-out><![CDATA[23:19:58.565 [Test worker] INFO org.springframework.test.context.support.AnnotationConfigContextLoaderUtils -- Could not detect default configuration classes for test class [com.hanyoonsoo.springtoy.AuthIntegrationTest]: AuthIntegrationTest does not declare any static, non-private, non-final, nested classes annotated with @Configuration.
23:19:58.621 [Test worker] INFO org.springframework.boot.test.context.SpringBootTestContextBootstrapper -- Found @SpringBootConfiguration com.hanyoonsoo.springtoy.SpringtoyApplication for test class com.hanyoonsoo.springtoy.AuthIntegrationTest

  .   ____          _            __ _ _
 /\\ / ___'_ __ _ _(_)_ __  __ _ \ \ \ \
( ( )\___ | '_ | '_| | '_ \/ _` | \ \ \ \
 \\/  ___)| |_)| | | | | || (_| |  ) ) ) )
  '  |____| .__|_| |_|_| |_\__, | / / / /
 =========|_|==============|___/=/_/_/_/
 :: Spring Boot ::                (v3.1.8)

2024-02-11T23:19:58.820+09:00  INFO 6860 --- [    Test worker] c.h.springtoy.AuthIntegrationTest        : Starting AuthIntegrationTest using Java 17.0.6 with PID 6860 (started by hanyoonsoo in /Users/hanyoonsoo/IdeaProjects/springtoy)
2024-02-11T23:19:58.820+09:00  INFO 6860 --- [    Test worker] c.h.springtoy.AuthIntegrationTest        : No active profile set, falling back to 1 default profile: "default"
2024-02-11T23:19:59.082+09:00  INFO 6860 --- [    Test worker] .s.d.r.c.RepositoryConfigurationDelegate : Multiple Spring Data modules found, entering strict repository configuration mode
2024-02-11T23:19:59.083+09:00  INFO 6860 --- [    Test worker] .s.d.r.c.RepositoryConfigurationDelegate : Bootstrapping Spring Data Redis repositories in DEFAULT mode.
2024-02-11T23:19:59.093+09:00  INFO 6860 --- [    Test worker] .s.d.r.c.RepositoryConfigurationDelegate : Finished Spring Data repository scanning in 2 ms. Found 0 Redis repository interfaces.
2024-02-11T23:19:59.184+09:00  INFO 6860 --- [    Test worker] .s.d.r.c.RepositoryConfigurationDelegate : Multiple Spring Data modules found, entering strict repository configuration mode
2024-02-11T23:19:59.185+09:00  INFO 6860 --- [    Test worker] .s.d.r.c.RepositoryConfigurationDelegate : Bootstrapping Spring Data JPA repositories in DEFAULT mode.
2024-02-11T23:19:59.258+09:00  INFO 6860 --- [    Test worker] .s.d.r.c.RepositoryConfigurationDelegate : Finished Spring Data repository scanning in 72 ms. Found 1 JPA repository interface.
2024-02-11T23:19:59.262+09:00  INFO 6860 --- [    Test worker] .s.d.r.c.RepositoryConfigurationDelegate : Multiple Spring Data modules found, entering strict repository configuration mode
2024-02-11T23:19:59.263+09:00  INFO 6860 --- [    Test worker] .s.d.r.c.RepositoryConfigurationDelegate : Bootstrapping Spring Data Redis repositories in DEFAULT mode.
2024-02-11T23:19:59.268+09:00  INFO 6860 --- [    Test worker] .RepositoryConfigurationExtensionSupport : Spring Data Redis - Could not safely identify store assignment for repository candidate interface com.hanyoonsoo.springtoy.module.repository.UserRepository; If you want this repository to be a Redis repository, consider annotating your entities with one of these annotations: org.springframework.data.redis.core.RedisHash (preferred), or consider extending one of the following types with your repository: org.springframework.data.keyvalue.repository.KeyValueRepository
2024-02-11T23:19:59.268+09:00  INFO 6860 --- [    Test worker] .s.d.r.c.RepositoryConfigurationDelegate : Finished Spring Data repository scanning in 5 ms. Found 0 Redis repository interfaces.
2024-02-11T23:19:59.510+09:00  INFO 6860 --- [    Test worker] o.hibernate.jpa.internal.util.LogHelper  : HHH000204: Processing PersistenceUnitInfo [name: default]
2024-02-11T23:19:59.542+09:00  INFO 6860 --- [    Test worker] org.hibernate.Version                    : HHH000412: Hibernate ORM core version 6.2.20.Final
2024-02-11T23:19:59.543+09:00  INFO 6860 --- [    Test worker] org.hibernate.cfg.Environment            : HHH000406: Using bytecode reflection optimizer
2024-02-11T23:19:59.592+09:00 DEBUG 6860 --- [    Test worker] org.hibernate.type.BasicTypeRegistry     : Adding type registration boolean -> org.hibernate.type.BasicTypeReference@7ef8e623
2024-02-11T23:19:59.592+09:00 DEBUG 6860 --- [    Test worker] org.hibernate.type.BasicTypeRegistry     : Adding type registration boolean -> org.hibernate.type.BasicTypeReference@7ef8e623
2024-02-11T23:19:59.592+09:00 DEBUG 6860 --- [    Test worker] org.hibernate.type.BasicTypeRegistry     : Adding type registration java.lang.Boolean -> org.hibernate.type.BasicTypeReference@7ef8e623
2024-02-11T23:19:59.592+09:00 DEBUG 6860 --- [    Test worker] org.hibernate.type.BasicTypeRegistry     : Adding type registration numeric_boolean -> org.hibernate.type.BasicTypeReference@3d8d970e
2024-02-11T23:19:59.592+09:00 DEBUG 6860 --- [    Test worker] org.hibernate.type.BasicTypeRegistry     : Adding type registration org.hibernate.type.NumericBooleanConverter -> org.hibernate.type.BasicTypeReference@3d8d970e
2024-02-11T23:19:59.592+09:00 DEBUG 6860 --- [    Test worker] org.hibernate.type.BasicTypeRegistry     : Adding type registration true_false -> org.hibernate.type.BasicTypeReference@2fac80a8
2024-02-11T23:19:59.592+09:00 DEBUG 6860 --- [    Test worker] org.hibernate.type.BasicTypeRegistry     : Adding type registration org.hibernate.type.TrueFalseConverter -> org.hibernate.type.BasicTypeReference@2fac80a8
2024-02-11T23:19:59.592+09:00 DEBUG 6860 --- [    Test worker] org.hibernate.type.BasicTypeRegistry     : Adding type registration yes_no -> org.hibernate.type.BasicTypeReference@6987a133
2024-02-11T23:19:59.592+09:00 DEBUG 6860 --- [    Test worker] org.hibernate.type.BasicTypeRegistry     : Adding type registration org.hibernate.type.YesNoConverter -> org.hibernate.type.BasicTypeReference@6987a133
2024-02-11T23:19:59.592+09:00 DEBUG 6860 --- [    Test worker] org.hibernate.type.BasicTypeRegistry     : Adding type registration byte -> org.hibernate.type.BasicTypeReference@50778bde
2024-02-11T23:19:59.592+09:00 DEBUG 6860 --- [    Test worker] org.hibernate.type.BasicTypeRegistry     : Adding type registration byte -> org.hibernate.type.BasicTypeReference@50778bde
2024-02-11T23:19:59.592+09:00 DEBUG 6860 --- [    Test worker] org.hibernate.type.BasicTypeRegistry     : Adding type registration java.lang.Byte -> org.hibernate.type.BasicTypeReference@50778bde
2024-02-11T23:19:59.593+09:00 DEBUG 6860 --- [    Test worker] org.hibernate.type.BasicTypeRegistry     : Adding type registration binary -> org.hibernate.type.BasicTypeReference@1934339
2024-02-11T23:19:59.593+09:00 DEBUG 6860 --- [    Test worker] org.hibernate.type.BasicTypeRegistry     : Adding type registration byte[] -> org.hibernate.type.BasicTypeReference@1934339
2024-02-11T23:19:59.593+09:00 DEBUG 6860 --- [    Test worker] org.hibernate.type.BasicTypeRegistry     : Adding type registration [B -> org.hibernate.type.BasicTypeReference@1934339
2024-02-11T23:19:59.593+09:00 DEBUG 6860 --- [    Test worker] org.hibernate.type.BasicTypeRegistry     : Adding type registration binary_wrapper -> org.hibernate.type.BasicTypeReference@72eed547
2024-02-11T23:19:59.593+09:00 DEBUG 6860 --- [    Test worker] org.hibernate.type.BasicTypeRegistry     : Adding type registration wrapper-binary -> org.hibernate.type.BasicTypeReference@72eed547
2024-02-11T23:19:59.593+09:00 DEBUG 6860 --- [    Test worker] org.hibernate.type.BasicTypeRegistry     : Adding type registration image -> org.hibernate.type.BasicTypeReference@69ffdaa8
2024-02-11T23:19:59.593+09:00 DEBUG 6860 --- [    Test worker] org.hibernate.type.BasicTypeRegistry     : Adding type registration blob -> org.hibernate.type.BasicTypeReference@2a1e57c6
2024-02-11T23:19:59.593+09:00 DEBUG 6860 --- [    Test worker] org.hibernate.type.BasicTypeRegistry     : Adding type registration java.sql.Blob -> org.hibernate.type.BasicTypeReference@2a1e57c6
2024-02-11T23:19:59.593+09:00 DEBUG 6860 --- [    Test worker] org.hibernate.type.BasicTypeRegistry     : Adding type registration materialized_blob -> org.hibernate.type.BasicTypeReference@68d6f48e
2024-02-11T23:19:59.593+09:00 DEBUG 6860 --- [    Test worker] org.hibernate.type.BasicTypeRegistry     : Adding type registration materialized_blob_wrapper -> org.hibernate.type.BasicTypeReference@6c96403e
2024-02-11T23:19:59.593+09:00 DEBUG 6860 --- [    Test worker] org.hibernate.type.BasicTypeRegistry     : Adding type registration short -> org.hibernate.type.BasicTypeReference@7babed9e
2024-02-11T23:19:59.593+09:00 DEBUG 6860 --- [    Test worker] org.hibernate.type.BasicTypeRegistry     : Adding type registration short -> org.hibernate.type.BasicTypeReference@7babed9e
2024-02-11T23:19:59.593+09:00 DEBUG 6860 --- [    Test worker] org.hibernate.type.BasicTypeRegistry     : Adding type registration java.lang.Short -> org.hibernate.type.BasicTypeReference@7babed9e
2024-02-11T23:19:59.593+09:00 DEBUG 6860 --- [    Test worker] org.hibernate.type.BasicTypeRegistry     : Adding type registration integer -> org.hibernate.type.BasicTypeReference@2353354a
2024-02-11T23:19:59.593+09:00 DEBUG 6860 --- [    Test worker] org.hibernate.type.BasicTypeRegistry     : Adding type registration int -> org.hibernate.type.BasicTypeReference@2353354a
2024-02-11T23:19:59.593+09:00 DEBUG 6860 --- [    Test worker] org.hibernate.type.BasicTypeRegistry     : Adding type registration java.lang.Integer -> org.hibernate.type.BasicTypeReference@2353354a
2024-02-11T23:19:59.593+09:00 DEBUG 6860 --- [    Test worker] org.hibernate.type.BasicTypeRegistry     : Adding type registration long -> org.hibernate.type.BasicTypeReference@7c7ed72a
2024-02-11T23:19:59.593+09:00 DEBUG 6860 --- [    Test worker] org.hibernate.type.BasicTypeRegistry     : Adding type registration long -> org.hibernate.type.BasicTypeReference@7c7ed72a
2024-02-11T23:19:59.594+09:00 DEBUG 6860 --- [    Test worker] org.hibernate.type.BasicTypeRegistry     : Adding type registration java.lang.Long -> org.hibernate.type.BasicTypeReference@7c7ed72a
2024-02-11T23:19:59.594+09:00 DEBUG 6860 --- [    Test worker] org.hibernate.type.BasicTypeRegistry     : Adding type registration float -> org.hibernate.type.BasicTypeReference@22b7ef2b
2024-02-11T23:19:59.594+09:00 DEBUG 6860 --- [    Test worker] org.hibernate.type.BasicTypeRegistry     : Adding type registration float -> org.hibernate.type.BasicTypeReference@22b7ef2b
2024-02-11T23:19:59.594+09:00 DEBUG 6860 --- [    Test worker] org.hibernate.type.BasicTypeRegistry     : Adding type registration java.lang.Float -> org.hibernate.type.BasicTypeReference@22b7ef2b
2024-02-11T23:19:59.594+09:00 DEBUG 6860 --- [    Test worker] org.hibernate.type.BasicTypeRegistry     : Adding type registration double -> org.hibernate.type.BasicTypeReference@6d421fe
2024-02-11T23:19:59.594+09:00 DEBUG 6860 --- [    Test worker] org.hibernate.type.BasicTypeRegistry     : Adding type registration double -> org.hibernate.type.BasicTypeReference@6d421fe
2024-02-11T23:19:59.594+09:00 DEBUG 6860 --- [    Test worker] org.hibernate.type.BasicTypeRegistry     : Adding type registration java.lang.Double -> org.hibernate.type.BasicTypeReference@6d421fe
2024-02-11T23:19:59.594+09:00 DEBUG 6860 --- [    Test worker] org.hibernate.type.BasicTypeRegistry     : Adding type registration big_integer -> org.hibernate.type.BasicTypeReference@3c17bd0b
2024-02-11T23:19:59.594+09:00 DEBUG 6860 --- [    Test worker] org.hibernate.type.BasicTypeRegistry     : Adding type registration java.math.BigInteger -> org.hibernate.type.BasicTypeReference@3c17bd0b
2024-02-11T23:19:59.594+09:00 DEBUG 6860 --- [    Test worker] org.hibernate.type.BasicTypeRegistry     : Adding type registration big_decimal -> org.hibernate.type.BasicTypeReference@36dafa24
2024-02-11T23:19:59.594+09:00 DEBUG 6860 --- [    Test worker] org.hibernate.type.BasicTypeRegistry     : Adding type registration java.math.BigDecimal -> org.hibernate.type.BasicTypeReference@36dafa24
2024-02-11T23:19:59.594+09:00 DEBUG 6860 --- [    Test worker] org.hibernate.type.BasicTypeRegistry     : Adding type registration character -> org.hibernate.type.BasicTypeReference@2b098563
2024-02-11T23:19:59.595+09:00 DEBUG 6860 --- [    Test worker] org.hibernate.type.BasicTypeRegistry     : Adding type registration char -> org.hibernate.type.BasicTypeReference@2b098563
2024-02-11T23:19:59.595+09:00 DEBUG 6860 --- [    Test worker] org.hibernate.type.BasicTypeRegistry     : Adding type registration java.lang.Character -> org.hibernate.type.BasicTypeReference@2b098563
2024-02-11T23:19:59.595+09:00 DEBUG 6860 --- [    Test worker] org.hibernate.type.BasicTypeRegistry     : Adding type registration character_nchar -> org.hibernate.type.BasicTypeReference@c758a2d
2024-02-11T23:19:59.595+09:00 DEBUG 6860 --- [    Test worker] org.hibernate.type.BasicTypeRegistry     : Adding type registration string -> org.hibernate.type.BasicTypeReference@d0b814d
2024-02-11T23:19:59.595+09:00 DEBUG 6860 --- [    Test worker] org.hibernate.type.BasicTypeRegistry     : Adding type registration java.lang.String -> org.hibernate.type.BasicTypeReference@d0b814d
2024-02-11T23:19:59.595+09:00 DEBUG 6860 --- [    Test worker] org.hibernate.type.BasicTypeRegistry     : Adding type registration nstring -> org.hibernate.type.BasicTypeReference@6ce15112
2024-02-11T23:19:59.595+09:00 DEBUG 6860 --- [    Test worker] org.hibernate.type.BasicTypeRegistry     : Adding type registration characters -> org.hibernate.type.BasicTypeReference@ba4f370
2024-02-11T23:19:59.595+09:00 DEBUG 6860 --- [    Test worker] org.hibernate.type.BasicTypeRegistry     : Adding type registration char[] -> org.hibernate.type.BasicTypeReference@ba4f370
2024-02-11T23:19:59.595+09:00 DEBUG 6860 --- [    Test worker] org.hibernate.type.BasicTypeRegistry     : Adding type registration [C -> org.hibernate.type.BasicTypeReference@ba4f370
2024-02-11T23:19:59.595+09:00 DEBUG 6860 --- [    Test worker] org.hibernate.type.BasicTypeRegistry     : Adding type registration wrapper-characters -> org.hibernate.type.BasicTypeReference@2ba024cb
2024-02-11T23:19:59.595+09:00 DEBUG 6860 --- [    Test worker] org.hibernate.type.BasicTypeRegistry     : Adding type registration text -> org.hibernate.type.BasicTypeReference@7af0d91b
2024-02-11T23:19:59.595+09:00 DEBUG 6860 --- [    Test worker] org.hibernate.type.BasicTypeRegistry     : Adding type registration ntext -> org.hibernate.type.BasicTypeReference@1c7f6e96
2024-02-11T23:19:59.595+09:00 DEBUG 6860 --- [    Test worker] org.hibernate.type.BasicTypeRegistry     : Adding type registration clob -> org.hibernate.type.BasicTypeReference@30ec211a
2024-02-11T23:19:59.596+09:00 DEBUG 6860 --- [    Test worker] org.hibernate.type.BasicTypeRegistry     : Adding type registration java.sql.Clob -> org.hibernate.type.BasicTypeReference@30ec211a
2024-02-11T23:19:59.596+09:00 DEBUG 6860 --- [    Test worker] org.hibernate.type.BasicTypeRegistry     : Adding type registration nclob -> org.hibernate.type.BasicTypeReference@1ac0cdb0
2024-02-11T23:19:59.596+09:00 DEBUG 6860 --- [    Test worker] org.hibernate.type.BasicTypeRegistry     : Adding type registration java.sql.NClob -> org.hibernate.type.BasicTypeReference@1ac0cdb0
2024-02-11T23:19:59.596+09:00 DEBUG 6860 --- [    Test worker] org.hibernate.type.BasicTypeRegistry     : Adding type registration materialized_clob -> org.hibernate.type.BasicTypeReference@6684f7f2
2024-02-11T23:19:59.596+09:00 DEBUG 6860 --- [    Test worker] org.hibernate.type.BasicTypeRegistry     : Adding type registration materialized_clob_char_array -> org.hibernate.type.BasicTypeReference@1682e6a
2024-02-11T23:19:59.596+09:00 DEBUG 6860 --- [    Test worker] org.hibernate.type.BasicTypeRegistry     : Adding type registration materialized_clob_character_array -> org.hibernate.type.BasicTypeReference@505d2bac
2024-02-11T23:19:59.596+09:00 DEBUG 6860 --- [    Test worker] org.hibernate.type.BasicTypeRegistry     : Adding type registration materialized_nclob -> org.hibernate.type.BasicTypeReference@4cecc15a
2024-02-11T23:19:59.596+09:00 DEBUG 6860 --- [    Test worker] org.hibernate.type.BasicTypeRegistry     : Adding type registration materialized_nclob_character_array -> org.hibernate.type.BasicTypeReference@d969452
2024-02-11T23:19:59.596+09:00 DEBUG 6860 --- [    Test worker] org.hibernate.type.BasicTypeRegistry     : Adding type registration materialized_nclob_char_array -> org.hibernate.type.BasicTypeReference@4d4df0f4
2024-02-11T23:19:59.596+09:00 DEBUG 6860 --- [    Test worker] org.hibernate.type.BasicTypeRegistry     : Adding type registration Duration -> org.hibernate.type.BasicTypeReference@74f4a2ba
2024-02-11T23:19:59.596+09:00 DEBUG 6860 --- [    Test worker] org.hibernate.type.BasicTypeRegistry     : Adding type registration java.time.Duration -> org.hibernate.type.BasicTypeReference@74f4a2ba
2024-02-11T23:19:59.596+09:00 DEBUG 6860 --- [    Test worker] org.hibernate.type.BasicTypeRegistry     : Adding type registration LocalDateTime -> org.hibernate.type.BasicTypeReference@5e385b6f
2024-02-11T23:19:59.596+09:00 DEBUG 6860 --- [    Test worker] org.hibernate.type.BasicTypeRegistry     : Adding type registration java.time.LocalDateTime -> org.hibernate.type.BasicTypeReference@5e385b6f
2024-02-11T23:19:59.596+09:00 DEBUG 6860 --- [    Test worker] org.hibernate.type.BasicTypeRegistry     : Adding type registration LocalDate -> org.hibernate.type.BasicTypeReference@67b560fe
2024-02-11T23:19:59.596+09:00 DEBUG 6860 --- [    Test worker] org.hibernate.type.BasicTypeRegistry     : Adding type registration java.time.LocalDate -> org.hibernate.type.BasicTypeReference@67b560fe
2024-02-11T23:19:59.596+09:00 DEBUG 6860 --- [    Test worker] org.hibernate.type.BasicTypeRegistry     : Adding type registration LocalTime -> org.hibernate.type.BasicTypeReference@45dde6ac
2024-02-11T23:19:59.596+09:00 DEBUG 6860 --- [    Test worker] org.hibernate.type.BasicTypeRegistry     : Adding type registration java.time.LocalTime -> org.hibernate.type.BasicTypeReference@45dde6ac
2024-02-11T23:19:59.596+09:00 DEBUG 6860 --- [    Test worker] org.hibernate.type.BasicTypeRegistry     : Adding type registration OffsetDateTime -> org.hibernate.type.BasicTypeReference@14ed7ddf
2024-02-11T23:19:59.596+09:00 DEBUG 6860 --- [    Test worker] org.hibernate.type.BasicTypeRegistry     : Adding type registration java.time.OffsetDateTime -> org.hibernate.type.BasicTypeReference@14ed7ddf
2024-02-11T23:19:59.597+09:00 DEBUG 6860 --- [    Test worker] org.hibernate.type.BasicTypeRegistry     : Adding type registration OffsetDateTimeWithTimezone -> org.hibernate.type.BasicTypeReference@892af0e
2024-02-11T23:19:59.597+09:00 DEBUG 6860 --- [    Test worker] org.hibernate.type.BasicTypeRegistry     : Adding type registration OffsetDateTimeWithoutTimezone -> org.hibernate.type.BasicTypeReference@446c8c72
2024-02-11T23:19:59.597+09:00 DEBUG 6860 --- [    Test worker] org.hibernate.type.BasicTypeRegistry     : Adding type registration OffsetTime -> org.hibernate.type.BasicTypeReference@6e2eead5
2024-02-11T23:19:59.597+09:00 DEBUG 6860 --- [    Test worker] org.hibernate.type.BasicTypeRegistry     : Adding type registration java.time.OffsetTime -> org.hibernate.type.BasicTypeReference@6e2eead5
2024-02-11T23:19:59.597+09:00 DEBUG 6860 --- [    Test worker] org.hibernate.type.BasicTypeRegistry     : Adding type registration OffsetTimeUtc -> org.hibernate.type.BasicTypeReference@11d2714a
2024-02-11T23:19:59.597+09:00 DEBUG 6860 --- [    Test worker] org.hibernate.type.BasicTypeRegistry     : Adding type registration OffsetTimeWithTimezone -> org.hibernate.type.BasicTypeReference@ca546a1
2024-02-11T23:19:59.597+09:00 DEBUG 6860 --- [    Test worker] org.hibernate.type.BasicTypeRegistry     : Adding type registration OffsetTimeWithoutTimezone -> org.hibernate.type.BasicTypeReference@2c8a445b
2024-02-11T23:19:59.597+09:00 DEBUG 6860 --- [    Test worker] org.hibernate.type.BasicTypeRegistry     : Adding type registration ZonedDateTime -> org.hibernate.type.BasicTypeReference@356b6b5d
2024-02-11T23:19:59.597+09:00 DEBUG 6860 --- [    Test worker] org.hibernate.type.BasicTypeRegistry     : Adding type registration java.time.ZonedDateTime -> org.hibernate.type.BasicTypeReference@356b6b5d
2024-02-11T23:19:59.597+09:00 DEBUG 6860 --- [    Test worker] org.hibernate.type.BasicTypeRegistry     : Adding type registration ZonedDateTimeWithTimezone -> org.hibernate.type.BasicTypeReference@37b1149b
2024-02-11T23:19:59.597+09:00 DEBUG 6860 --- [    Test worker] org.hibernate.type.BasicTypeRegistry     : Adding type registration ZonedDateTimeWithoutTimezone -> org.hibernate.type.BasicTypeReference@1187dc82
2024-02-11T23:19:59.597+09:00 DEBUG 6860 --- [    Test worker] org.hibernate.type.BasicTypeRegistry     : Adding type registration date -> org.hibernate.type.BasicTypeReference@6fd1ea75
2024-02-11T23:19:59.597+09:00 DEBUG 6860 --- [    Test worker] org.hibernate.type.BasicTypeRegistry     : Adding type registration java.sql.Date -> org.hibernate.type.BasicTypeReference@6fd1ea75
2024-02-11T23:19:59.597+09:00 DEBUG 6860 --- [    Test worker] org.hibernate.type.BasicTypeRegistry     : Adding type registration time -> org.hibernate.type.BasicTypeReference@18e4551
2024-02-11T23:19:59.597+09:00 DEBUG 6860 --- [    Test worker] org.hibernate.type.BasicTypeRegistry     : Adding type registration java.sql.Time -> org.hibernate.type.BasicTypeReference@18e4551
2024-02-11T23:19:59.597+09:00 DEBUG 6860 --- [    Test worker] org.hibernate.type.BasicTypeRegistry     : Adding type registration timestamp -> org.hibernate.type.BasicTypeReference@3ea48c37
2024-02-11T23:19:59.597+09:00 DEBUG 6860 --- [    Test worker] org.hibernate.type.BasicTypeRegistry     : Adding type registration java.sql.Timestamp -> org.hibernate.type.BasicTypeReference@3ea48c37
2024-02-11T23:19:59.597+09:00 DEBUG 6860 --- [    Test worker] org.hibernate.type.BasicTypeRegistry     : Adding type registration java.util.Date -> org.hibernate.type.BasicTypeReference@3ea48c37
2024-02-11T23:19:59.597+09:00 DEBUG 6860 --- [    Test worker] org.hibernate.type.BasicTypeRegistry     : Adding type registration calendar -> org.hibernate.type.BasicTypeReference@11e834ad
2024-02-11T23:19:59.597+09:00 DEBUG 6860 --- [    Test worker] org.hibernate.type.BasicTypeRegistry     : Adding type registration java.util.Calendar -> org.hibernate.type.BasicTypeReference@11e834ad
2024-02-11T23:19:59.598+09:00 DEBUG 6860 --- [    Test worker] org.hibernate.type.BasicTypeRegistry     : Adding type registration java.util.GregorianCalendar -> org.hibernate.type.BasicTypeReference@11e834ad
2024-02-11T23:19:59.598+09:00 DEBUG 6860 --- [    Test worker] org.hibernate.type.BasicTypeRegistry     : Adding type registration calendar_date -> org.hibernate.type.BasicTypeReference@710ae6a7
2024-02-11T23:19:59.598+09:00 DEBUG 6860 --- [    Test worker] org.hibernate.type.BasicTypeRegistry     : Adding type registration calendar_time -> org.hibernate.type.BasicTypeReference@25d911a
2024-02-11T23:19:59.598+09:00 DEBUG 6860 --- [    Test worker] org.hibernate.type.BasicTypeRegistry     : Adding type registration instant -> org.hibernate.type.BasicTypeReference@18026052
2024-02-11T23:19:59.598+09:00 DEBUG 6860 --- [    Test worker] org.hibernate.type.BasicTypeRegistry     : Adding type registration java.time.Instant -> org.hibernate.type.BasicTypeReference@18026052
2024-02-11T23:19:59.598+09:00 DEBUG 6860 --- [    Test worker] org.hibernate.type.BasicTypeRegistry     : Adding type registration uuid -> org.hibernate.type.BasicTypeReference@489f62a3
2024-02-11T23:19:59.598+09:00 DEBUG 6860 --- [    Test worker] org.hibernate.type.BasicTypeRegistry     : Adding type registration java.util.UUID -> org.hibernate.type.BasicTypeReference@489f62a3
2024-02-11T23:19:59.598+09:00 DEBUG 6860 --- [    Test worker] org.hibernate.type.BasicTypeRegistry     : Adding type registration pg-uuid -> org.hibernate.type.BasicTypeReference@489f62a3
2024-02-11T23:19:59.598+09:00 DEBUG 6860 --- [    Test worker] org.hibernate.type.BasicTypeRegistry     : Adding type registration uuid-binary -> org.hibernate.type.BasicTypeReference@6e068ac9
2024-02-11T23:19:59.598+09:00 DEBUG 6860 --- [    Test worker] org.hibernate.type.BasicTypeRegistry     : Adding type registration uuid-char -> org.hibernate.type.BasicTypeReference@3d0352
2024-02-11T23:19:59.598+09:00 DEBUG 6860 --- [    Test worker] org.hibernate.type.BasicTypeRegistry     : Adding type registration class -> org.hibernate.type.BasicTypeReference@bb6f3f7
2024-02-11T23:19:59.598+09:00 DEBUG 6860 --- [    Test worker] org.hibernate.type.BasicTypeRegistry     : Adding type registration java.lang.Class -> org.hibernate.type.BasicTypeReference@bb6f3f7
2024-02-11T23:19:59.598+09:00 DEBUG 6860 --- [    Test worker] org.hibernate.type.BasicTypeRegistry     : Adding type registration currency -> org.hibernate.type.BasicTypeReference@388f1258
2024-02-11T23:19:59.598+09:00 DEBUG 6860 --- [    Test worker] org.hibernate.type.BasicTypeRegistry     : Adding type registration Currency -> org.hibernate.type.BasicTypeReference@388f1258
2024-02-11T23:19:59.598+09:00 DEBUG 6860 --- [    Test worker] org.hibernate.type.BasicTypeRegistry     : Adding type registration java.util.Currency -> org.hibernate.type.BasicTypeReference@388f1258
2024-02-11T23:19:59.598+09:00 DEBUG 6860 --- [    Test worker] org.hibernate.type.BasicTypeRegistry     : Adding type registration locale -> org.hibernate.type.BasicTypeReference@62058742
2024-02-11T23:19:59.598+09:00 DEBUG 6860 --- [    Test worker] org.hibernate.type.BasicTypeRegistry     : Adding type registration java.util.Locale -> org.hibernate.type.BasicTypeReference@62058742
2024-02-11T23:19:59.598+09:00 DEBUG 6860 --- [    Test worker] org.hibernate.type.BasicTypeRegistry     : Adding type registration serializable -> org.hibernate.type.BasicTypeReference@aca2fc3
2024-02-11T23:19:59.598+09:00 DEBUG 6860 --- [    Test worker] org.hibernate.type.BasicTypeRegistry     : Adding type registration java.io.Serializable -> org.hibernate.type.BasicTypeReference@aca2fc3
2024-02-11T23:19:59.599+09:00 DEBUG 6860 --- [    Test worker] org.hibernate.type.BasicTypeRegistry     : Adding type registration timezone -> org.hibernate.type.BasicTypeReference@36df4c26
2024-02-11T23:19:59.599+09:00 DEBUG 6860 --- [    Test worker] org.hibernate.type.BasicTypeRegistry     : Adding type registration java.util.TimeZone -> org.hibernate.type.BasicTypeReference@36df4c26
2024-02-11T23:19:59.599+09:00 DEBUG 6860 --- [    Test worker] org.hibernate.type.BasicTypeRegistry     : Adding type registration ZoneOffset -> org.hibernate.type.BasicTypeReference@76828577
2024-02-11T23:19:59.599+09:00 DEBUG 6860 --- [    Test worker] org.hibernate.type.BasicTypeRegistry     : Adding type registration java.time.ZoneOffset -> org.hibernate.type.BasicTypeReference@76828577
2024-02-11T23:19:59.599+09:00 DEBUG 6860 --- [    Test worker] org.hibernate.type.BasicTypeRegistry     : Adding type registration url -> org.hibernate.type.BasicTypeReference@38732372
2024-02-11T23:19:59.599+09:00 DEBUG 6860 --- [    Test worker] org.hibernate.type.BasicTypeRegistry     : Adding type registration java.net.URL -> org.hibernate.type.BasicTypeReference@38732372
2024-02-11T23:19:59.599+09:00 DEBUG 6860 --- [    Test worker] org.hibernate.type.BasicTypeRegistry     : Adding type registration row_version -> org.hibernate.type.BasicTypeReference@639cb788
2024-02-11T23:19:59.601+09:00 DEBUG 6860 --- [    Test worker] org.hibernate.type.BasicTypeRegistry     : Adding type registration object -> org.hibernate.type.JavaObjectType@4b07cad0
2024-02-11T23:19:59.601+09:00 DEBUG 6860 --- [    Test worker] org.hibernate.type.BasicTypeRegistry     : Adding type registration java.lang.Object -> org.hibernate.type.JavaObjectType@4b07cad0
2024-02-11T23:19:59.601+09:00 DEBUG 6860 --- [    Test worker] org.hibernate.type.BasicTypeRegistry     : Adding type registration null -> org.hibernate.type.NullType@668a32a4
2024-02-11T23:19:59.601+09:00 DEBUG 6860 --- [    Test worker] org.hibernate.type.BasicTypeRegistry     : Adding type registration imm_date -> org.hibernate.type.BasicTypeReference@2026fbff
2024-02-11T23:19:59.601+09:00 DEBUG 6860 --- [    Test worker] org.hibernate.type.BasicTypeRegistry     : Adding type registration imm_time -> org.hibernate.type.BasicTypeReference@baa227e
2024-02-11T23:19:59.601+09:00 DEBUG 6860 --- [    Test worker] org.hibernate.type.BasicTypeRegistry     : Adding type registration imm_timestamp -> org.hibernate.type.BasicTypeReference@351e89fc
2024-02-11T23:19:59.601+09:00 DEBUG 6860 --- [    Test worker] org.hibernate.type.BasicTypeRegistry     : Adding type registration imm_calendar -> org.hibernate.type.BasicTypeReference@2b682e9
2024-02-11T23:19:59.601+09:00 DEBUG 6860 --- [    Test worker] org.hibernate.type.BasicTypeRegistry     : Adding type registration imm_calendar_date -> org.hibernate.type.BasicTypeReference@15586843
2024-02-11T23:19:59.602+09:00 DEBUG 6860 --- [    Test worker] org.hibernate.type.BasicTypeRegistry     : Adding type registration imm_calendar_time -> org.hibernate.type.BasicTypeReference@4fbb1144
2024-02-11T23:19:59.602+09:00 DEBUG 6860 --- [    Test worker] org.hibernate.type.BasicTypeRegistry     : Adding type registration imm_binary -> org.hibernate.type.BasicTypeReference@e2b3026
2024-02-11T23:19:59.602+09:00 DEBUG 6860 --- [    Test worker] org.hibernate.type.BasicTypeRegistry     : Adding type registration imm_serializable -> org.hibernate.type.BasicTypeReference@38bc5ac0
2024-02-11T23:19:59.670+09:00  INFO 6860 --- [    Test worker] o.s.o.j.p.SpringPersistenceUnitInfo      : No LoadTimeWeaver setup: ignoring JPA class transformer
2024-02-11T23:19:59.685+09:00  INFO 6860 --- [    Test worker] com.zaxxer.hikari.HikariDataSource       : HikariPool-1 - Starting...
2024-02-11T23:19:59.729+09:00  INFO 6860 --- [    Test worker] com.zaxxer.hikari.pool.HikariPool        : HikariPool-1 - Added connection conn0: url=jdbc:h2:tcp://localhost/~/IdeaProjects/springtoy user=SA
2024-02-11T23:19:59.730+09:00  INFO 6860 --- [    Test worker] com.zaxxer.hikari.HikariDataSource       : HikariPool-1 - Start completed.
2024-02-11T23:19:59.763+09:00 DEBUG 6860 --- [    Test worker] o.h.t.d.jdbc.spi.JdbcTypeRegistry        : addDescriptor(NCharTypeDescriptor) replaced previous registration(CharTypeDescriptor)
2024-02-11T23:19:59.763+09:00 DEBUG 6860 --- [    Test worker] o.h.t.d.jdbc.spi.JdbcTypeRegistry        : addDescriptor(NVarcharTypeDescriptor) replaced previous registration(VarcharTypeDescriptor)
2024-02-11T23:19:59.763+09:00 DEBUG 6860 --- [    Test worker] o.h.t.d.jdbc.spi.JdbcTypeRegistry        : addDescriptor(LongNVarcharTypeDescriptor) replaced previous registration(LongVarcharTypeDescriptor)
2024-02-11T23:19:59.764+09:00 DEBUG 6860 --- [    Test worker] o.h.t.d.jdbc.spi.JdbcTypeRegistry        : addDescriptor(NClobTypeDescriptor(DEFAULT)) replaced previous registration(ClobTypeDescriptor(DEFAULT))
2024-02-11T23:19:59.764+09:00 DEBUG 6860 --- [    Test worker] o.h.t.d.jdbc.spi.JdbcTypeRegistry        : addDescriptor(2005, ClobTypeDescriptor(STREAM_BINDING)) replaced previous registration(ClobTypeDescriptor(DEFAULT))
2024-02-11T23:19:59.765+09:00 DEBUG 6860 --- [    Test worker] o.h.t.d.jdbc.spi.JdbcTypeRegistry        : addDescriptor(TimestampUtcDescriptor) replaced previous registration(TimestampUtcDescriptor)
2024-02-11T23:19:59.767+09:00 DEBUG 6860 --- [    Test worker] org.hibernate.type.BasicTypeRegistry     : Adding type registration org.hibernate.type.DurationType -> basicType@1(java.time.Duration,2)
2024-02-11T23:19:59.767+09:00 DEBUG 6860 --- [    Test worker] org.hibernate.type.BasicTypeRegistry     : Adding type registration Duration -> basicType@1(java.time.Duration,2)
2024-02-11T23:19:59.767+09:00 DEBUG 6860 --- [    Test worker] org.hibernate.type.BasicTypeRegistry     : Adding type registration java.time.Duration -> basicType@1(java.time.Duration,2)
2024-02-11T23:19:59.769+09:00 DEBUG 6860 --- [    Test worker] o.h.type.spi.TypeConfiguration$Scope     : Scoping TypeConfiguration [org.hibernate.type.spi.TypeConfiguration@5e8f0f98] to MetadataBuildingContext [org.hibernate.boot.internal.MetadataBuildingContextRootImpl@6bf0f70a]
2024-02-11T23:20:00.291+09:00  INFO 6860 --- [    Test worker] o.h.e.t.j.p.i.JtaPlatformInitiator       : HHH000489: No JTA platform available (set 'hibernate.transaction.jta.platform' to enable JTA platform integration)
2024-02-11T23:20:00.291+09:00 DEBUG 6860 --- [    Test worker] o.h.type.spi.TypeConfiguration$Scope     : Scoping TypeConfiguration [org.hibernate.type.spi.TypeConfiguration@5e8f0f98] to SessionFactoryImplementor [org.hibernate.internal.SessionFactoryImpl@267a8777]
2024-02-11T23:20:00.298+09:00 DEBUG 6860 --- [    Test worker] org.hibernate.SQL                        : 
    drop table if exists delivery cascade 
2024-02-11T23:20:00.299+09:00 DEBUG 6860 --- [    Test worker] org.hibernate.SQL                        : 
    drop table if exists image cascade 
2024-02-11T23:20:00.299+09:00 DEBUG 6860 --- [    Test worker] org.hibernate.SQL                        : 
    drop table if exists item cascade 
2024-02-11T23:20:00.299+09:00 DEBUG 6860 --- [    Test worker] org.hibernate.SQL                        : 
    drop table if exists order_item cascade 
2024-02-11T23:20:00.300+09:00 DEBUG 6860 --- [    Test worker] org.hibernate.SQL                        : 
    drop table if exists orders cascade 
2024-02-11T23:20:00.300+09:00 DEBUG 6860 --- [    Test worker] org.hibernate.SQL                        : 
    drop table if exists users cascade 
2024-02-11T23:20:00.301+09:00 DEBUG 6860 --- [    Test worker] org.hibernate.SQL                        : 
    drop sequence if exists delivery_seq
2024-02-11T23:20:00.304+09:00 DEBUG 6860 --- [    Test worker] org.hibernate.SQL                        : 
    create sequence delivery_seq start with 1 increment by 50
2024-02-11T23:20:00.307+09:00 DEBUG 6860 --- [    Test worker] org.hibernate.SQL                        : 
    create table delivery (
        deleted boolean not null,
        create_at timestamp(6),
        delivery_id bigint not null,
        updated_at timestamp(6),
        city varchar(255),
        delivery_status varchar(255) check (delivery_status in ('READY','COMP')),
        street varchar(255),
        zipcode varchar(255),
        primary key (delivery_id)
    )
2024-02-11T23:20:00.309+09:00 DEBUG 6860 --- [    Test worker] org.hibernate.SQL                        : 
    create table image (
        deleted boolean not null,
        create_at timestamp(6),
        image_id bigint generated by default as identity,
        updated_at timestamp(6),
        user_id bigint,
        image_url varchar(255),
        original_filename varchar(255),
        store_filename varchar(255),
        primary key (image_id)
    )
2024-02-11T23:20:00.310+09:00 DEBUG 6860 --- [    Test worker] org.hibernate.SQL                        : 
    create table item (
        price integer not null,
        stock_quantity integer not null,
        item_id bigint generated by default as identity,
        dtype varchar(31) not null,
        actor varchar(255),
        artist varchar(255),
        author varchar(255),
        director varchar(255),
        etc varchar(255),
        isbn varchar(255),
        name varchar(255),
        primary key (item_id)
    )
2024-02-11T23:20:00.311+09:00 DEBUG 6860 --- [    Test worker] org.hibernate.SQL                        : 
    create table order_item (
        count integer not null,
        deleted boolean not null,
        order_price integer not null,
        create_at timestamp(6),
        id bigint generated by default as identity,
        item_id bigint,
        order_id bigint,
        updated_at timestamp(6),
        primary key (id)
    )
2024-02-11T23:20:00.312+09:00 DEBUG 6860 --- [    Test worker] org.hibernate.SQL                        : 
    create table orders (
        deleted boolean not null,
        create_at timestamp(6),
        delivery_id bigint unique,
        order_date timestamp(6),
        order_id bigint generated by default as identity,
        updated_at timestamp(6),
        user_id bigint,
        order_status varchar(255) check (order_status in ('ORDER','CANCEL')),
        primary key (order_id)
    )
2024-02-11T23:20:00.314+09:00 DEBUG 6860 --- [    Test worker] org.hibernate.SQL                        : 
    create table users (
        deleted boolean not null,
        is_verify boolean not null,
        create_at timestamp(6),
        updated_at timestamp(6),
        user_id bigint generated by default as identity,
        city varchar(255),
        email varchar(255) unique,
        name varchar(255),
        nick_name varchar(255),
        password varchar(255),
        role varchar(255) check (role in ('ROLE_USER','ROLE_ADMIN')),
        street varchar(255),
        zipcode varchar(255),
        primary key (user_id)
    )
2024-02-11T23:20:00.315+09:00 DEBUG 6860 --- [    Test worker] org.hibernate.SQL                        : 
    alter table if exists image 
       add constraint FKcvpnctgluno47ac6avana5sqf 
       foreign key (user_id) 
       references users
2024-02-11T23:20:00.317+09:00 DEBUG 6860 --- [    Test worker] org.hibernate.SQL                        : 
    alter table if exists order_item 
       add constraint FKija6hjjiit8dprnmvtvgdp6ru 
       foreign key (item_id) 
       references item
2024-02-11T23:20:00.319+09:00 DEBUG 6860 --- [    Test worker] org.hibernate.SQL                        : 
    alter table if exists order_item 
       add constraint FKt4dc2r9nbvbujrljv3e23iibt 
       foreign key (order_id) 
       references orders
2024-02-11T23:20:00.320+09:00 DEBUG 6860 --- [    Test worker] org.hibernate.SQL                        : 
    alter table if exists orders 
       add constraint FKtkrur7wg4d8ax0pwgo0vmy20c 
       foreign key (delivery_id) 
       references delivery
2024-02-11T23:20:00.322+09:00 DEBUG 6860 --- [    Test worker] org.hibernate.SQL                        : 
    alter table if exists orders 
       add constraint FK32ql8ubntj5uh44ph9659tiih 
       foreign key (user_id) 
       references users
2024-02-11T23:20:00.325+09:00 TRACE 6860 --- [    Test worker] o.h.type.spi.TypeConfiguration$Scope     : Handling #sessionFactoryCreated from [org.hibernate.internal.SessionFactoryImpl@267a8777] for TypeConfiguration
2024-02-11T23:20:00.326+09:00  INFO 6860 --- [    Test worker] j.LocalContainerEntityManagerFactoryBean : Initialized JPA EntityManagerFactory for persistence unit 'default'
2024-02-11T23:20:00.666+09:00  WARN 6860 --- [    Test worker] JpaBaseConfiguration$JpaWebConfiguration : spring.jpa.open-in-view is enabled by default. Therefore, database queries may be performed during view rendering. Explicitly configure spring.jpa.open-in-view to disable this warning
2024-02-11T23:20:00.724+09:00  INFO 6860 --- [    Test worker] c.h.s.m.g.s.SecurityConfiguration        : SecurityConfiguration.CustomFilterConfigurer.configure excute
2024-02-11T23:20:00.726+09:00  INFO 6860 --- [    Test worker] o.s.s.web.DefaultSecurityFilterChain     : Will secure any request with [org.springframework.security.web.session.DisableEncodeUrlFilter@259647f2, org.springframework.security.web.context.request.async.WebAsyncManagerIntegrationFilter@54c9c09c, org.springframework.security.web.context.SecurityContextHolderFilter@7e7ee3b7, org.springframework.security.web.header.HeaderWriterFilter@5292d417, org.springframework.web.filter.CorsFilter@6517bc6b, org.springframework.security.web.authentication.logout.LogoutFilter@70eced1f, com.hanyoonsoo.springtoy.module.global.security.JwtAuthenticationFilter@53d3d604, com.hanyoonsoo.springtoy.module.global.security.JwtVerificationFilter@44eda25b, org.springframework.security.web.savedrequest.RequestCacheAwareFilter@66d9c846, org.springframework.security.web.servletapi.SecurityContextHolderAwareRequestFilter@6915b614, org.springframework.security.web.authentication.AnonymousAuthenticationFilter@5e3a577a, org.springframework.security.web.session.SessionManagementFilter@5aef36a9, org.springframework.security.web.access.ExceptionTranslationFilter@70b67841, org.springframework.security.web.access.intercept.AuthorizationFilter@58052571]
2024-02-11T23:20:00.954+09:00  INFO 6860 --- [    Test worker] o.s.b.t.m.w.SpringBootMockServletContext : Initializing Spring TestDispatcherServlet ''
2024-02-11T23:20:00.954+09:00  INFO 6860 --- [    Test worker] o.s.t.web.servlet.TestDispatcherServlet  : Initializing Servlet ''
2024-02-11T23:20:00.954+09:00  INFO 6860 --- [    Test worker] o.s.t.web.servlet.TestDispatcherServlet  : Completed initialization in 0 ms
2024-02-11T23:20:00.967+09:00  INFO 6860 --- [    Test worker] c.h.springtoy.AuthIntegrationTest        : Started AuthIntegrationTest in 2.275 seconds (process running for 2.784)
UserService: 1234
UserService: $2a$10$QgOBLJZPQ09U4fg0qaBcAOfVRv6drbovJtMo6fPfx8Q8wBcYhjLa.
2024-02-11T23:20:01.395+09:00 DEBUG 6860 --- [    Test worker] org.hibernate.SQL                        : 
    insert 
    into
        users
        (city,street,zipcode,create_at,deleted,email,is_verify,name,nick_name,password,role,updated_at,user_id) 
    values
        (?,?,?,?,?,?,?,?,?,?,?,?,default)
2024-02-11T23:20:01.456+09:00 DEBUG 6860 --- [    Test worker] org.hibernate.SQL                        : 
    select
        u1_0.user_id,
        u1_0.city,
        u1_0.street,
        u1_0.zipcode,
        u1_0.create_at,
        u1_0.deleted,
        u1_0.email,
        u1_0.is_verify,
        u1_0.name,
        u1_0.nick_name,
        u1_0.password,
        u1_0.role,
        u1_0.updated_at 
    from
        users u1_0 
    where
        (
            u1_0.deleted = false
        ) 
        and u1_0.email=?
2024-02-11T23:20:01.671+09:00  INFO 6860 --- [    Test worker] c.h.s.m.g.security.JwtTokenProvider      : # AuthUser.getRoles 권한 체크 = [ROLE_USER]
2024-02-11T23:20:01.672+09:00  INFO 6860 --- [    Test worker] c.h.s.m.g.s.JwtVerificationFilter        : # Token verification success!

MockHttpServletRequest:
      HTTP Method = PATCH
      Request URI = /auth/logout
       Parameters = {}
          Headers = [Content-Type:"application/json;charset=UTF-8", Authorization:"Bearer eyJhbGciOiJIUzI1NiJ9.eyJhdXRoIjoiUk9MRV9VU0VSIiwic3ViIjoiZW1haWxAZ21haWwuY29tIiwiZXhwIjoxNzA3NjYzMDAxLCJpYXQiOjE3MDc2NjEyMDF9.EjfDUYVjhMRwDWkRbLyDjvjsjy4jfzjU5iTUAudxPdo", Refresh:"0s5kMA8/HkbI8fma6SAPBzBYdvsHNa20S5jvT22vw5aW4FPDHRJBfgSc0dwbqN1RB+zpZiszk+fqQVB1hgkcSk4P9Y3PqeXCtsc5lpehD3YF/HhGov/1YXEPi55n4pYzj0HAXhWdDLo8AL1swHgumOS+zvVYohEnoDKolPkSQfwawwYGS2U7onldYtSCUz8EbgTCBJ/KV0oKqy2OLcjAlw=="]
             Body = null
    Session Attrs = {}

Handler:
             Type = com.hanyoonsoo.springtoy.module.controller.AuthController
           Method = com.hanyoonsoo.springtoy.module.controller.AuthController#logout(HttpServletRequest)

Async:
    Async started = false
     Async result = null

Resolved Exception:
             Type = null

ModelAndView:
        View name = null
             View = null
            Model = null

FlashMap:
       Attributes = null

MockHttpServletResponse:
           Status = 204
    Error message = null
          Headers = [Vary:"Origin", "Access-Control-Request-Method", "Access-Control-Request-Headers", Content-Type:"application/json", X-Content-Type-Options:"nosniff", X-XSS-Protection:"0", Cache-Control:"no-cache, no-store, max-age=0, must-revalidate", Pragma:"no-cache", Expires:"0", X-Frame-Options:"DENY"]
     Content type = application/json
             Body = {"data":"Logged out successfully"}
    Forwarded URL = null
   Redirected URL = null
          Cookies = []
2024-02-11T23:20:01.734+09:00 DEBUG 6860 --- [    Test worker] org.hibernate.SQL                        : 
    select
        u1_0.user_id,
        u1_0.city,
        u1_0.street,
        u1_0.zipcode,
        u1_0.create_at,
        u1_0.deleted,
        u1_0.email,
        u1_0.is_verify,
        u1_0.name,
        u1_0.nick_name,
        u1_0.password,
        u1_0.role,
        u1_0.updated_at 
    from
        users u1_0 
    where
        (
            u1_0.deleted = false
        ) 
        and u1_0.email=?
]]></system-out>
  <system-err><![CDATA[]]></system-err>
</testsuite>
